Building DAG of jobs...
candidate job all
	wildcards: 
candidate job out
	wildcards: database=nctc, sequencing_db=ena
candidate job generate_dates
	wildcards: database=nctc
candidate job generate_db
	wildcards: database=nctc
selected job generate_db
	wildcards: database=nctc
selected job generate_dates
	wildcards: database=nctc
selected job out
	wildcards: database=nctc, sequencing_db=ena
selected job all
	wildcards: 
Using shell: /usr/bin/bash
Provided cores: 1
Rules claiming more threads will be scaled down.
Job counts:
	count	jobs
	1	all
	1	generate_dates
	1	generate_db
	1	out
	4

[Wed May 20 18:01:42 2020]
rule generate_db:
    output: output/nctc/nctc.tsv
    jobid: 3
    wildcards: database=nctc

RuleException in line 8 of /home/luak/rotations/baym/MicroTrawler/sneks/Snakefile:
NameError: The name 'database' is unknown in this context. Please make sure that you defined that variable. Also note that braces not used for variable access have to be escaped by repeating them, i.e. {{print $1}}
