Building DAG of jobs...
candidate job all
	wildcards: 
candidate job get_summary_stats
	wildcards: database=nctc, sequencing_db=ena
candidate job download_sequences
	wildcards: database=nctc, sequencing_db=ena
candidate job get_seq_accession_numbers
	wildcards: database=nctc, sequencing_db=ena
candidate job download_sequences
	wildcards: database=nctc, sequencing_db=nctc-atorbefore-1940
candidate job get_seq_accession_numbers
	wildcards: database=nctc, sequencing_db=nctc-atorbefore-1940
candidate job download_sequences
	wildcards: database=nctc, sequencing_db=nctc-atorbefore-1940
candidate job filter_samples
	wildcards: database=nctc
candidate job generate_dates
	wildcards: database=nctc
candidate job generate_db
	wildcards: database=nctc
candidate job download_sequences
	wildcards: database=nctc, sequencing_db=nctc.tsv
candidate job get_seq_accession_numbers
	wildcards: database=nctc, sequencing_db=nctc.tsv
candidate job download_sequences
	wildcards: database=nctc, sequencing_db=nctc-atorbefore-1940
candidate job filter_samples
	wildcards: database=nctc
candidate job download_sequences
	wildcards: database=nctc, sequencing_db=nctc_nctc.tsv-assembly-accessions
candidate job get_seq_accession_numbers
	wildcards: database=nctc, sequencing_db=nctc_nctc.tsv-assembly-accessions
candidate job download_sequences
	wildcards: database=nctc, sequencing_db=nctc-atorbefore-1940
candidate job filter_samples
	wildcards: database=nctc
candidate job download_sequences
	wildcards: database=nctc, sequencing_db=nctc_nctc_nctc.tsv-assembly-accessions-assembly-accessions
candidate job get_seq_accession_numbers
	wildcards: database=nctc, sequencing_db=nctc_nctc_nctc.tsv-assembly-accessions-assembly-accessions
candidate job download_sequences
	wildcards: database=nctc, sequencing_db=nctc-atorbefore-1940
candidate job filter_samples
	wildcards: database=nctc
candidate job download_sequences
	wildcards: database=nctc, sequencing_db=nctc_nctc_nctc_nctc.tsv-assembly-accessions-assembly-accessions-assembly-accessions
candidate job get_seq_accession_numbers
	wildcards: database=nctc, sequencing_db=nctc_nctc_nctc_nctc.tsv-assembly-accessions-assembly-accessions-assembly-accessions
candidate job download_sequences
	wildcards: database=nctc, sequencing_db=nctc-atorbefore-1940
candidate job filter_samples
	wildcards: database=nctc
candidate job download_sequences
	wildcards: database=nctc, sequencing_db=nctc_nctc_nctc_nctc_nctc.tsv-assembly-accessions-assembly-accessions-assembly-accessions-assembly-accessions
candidate job get_seq_accession_numbers
	wildcards: database=nctc, sequencing_db=nctc_nctc_nctc_nctc_nctc.tsv-assembly-accessions-assembly-accessions-assembly-accessions-assembly-accessions
candidate job download_sequences
	wildcards: database=nctc, sequencing_db=nctc-atorbefore-1940
candidate job filter_samples
	wildcards: database=nctc
candidate job download_sequences
	wildcards: database=nctc, sequencing_db=nctc_nctc_nctc_nctc_nctc_nctc.tsv-assembly-accessions-assembly-accessions-assembly-accessions-assembly-accessions-assembly-accessions
candidate job get_seq_accession_numbers
	wildcards: database=nctc, sequencing_db=nctc_nctc_nctc_nctc_nctc_nctc.tsv-assembly-accessions-assembly-accessions-assembly-accessions-assembly-accessions-assembly-accessions
candidate job download_sequences
	wildcards: database=nctc, sequencing_db=nctc-atorbefore-1940
candidate job filter_samples
	wildcards: database=nctc
candidate job download_sequences
	wildcards: database=nctc, sequencing_db=nctc_nctc_nctc_nctc_nctc_nctc_nctc.tsv-assembly-accessions-assembly-accessions-assembly-accessions-assembly-accessions-assembly-accessions-assembly-accessions
candidate job get_seq_accession_numbers
	wildcards: database=nctc, sequencing_db=nctc_nctc_nctc_nctc_nctc_nctc_nctc.tsv-assembly-accessions-assembly-accessions-assembly-accessions-assembly-accessions-assembly-accessions-assembly-accessions
candidate job download_sequences
	wildcards: database=nctc, sequencing_db=nctc-atorbefore-1940
candidate job filter_samples
	wildcards: database=nctc
candidate job download_sequences
	wildcards: database=nctc, sequencing_db=nctc_nctc_nctc_nctc_nctc_nctc_nctc_nctc.tsv-assembly-accessions-assembly-accessions-assembly-accessions-assembly-accessions-assembly-accessions-assembly-accessions-assembly-accessions
candidate job get_seq_accession_numbers
	wildcards: database=nctc, sequencing_db=nctc_nctc_nctc_nctc_nctc_nctc_nctc_nctc.tsv-assembly-accessions-assembly-accessions-assembly-accessions-assembly-accessions-assembly-accessions-assembly-accessions-assembly-accessions
candidate job download_sequences
	wildcards: database=nctc, sequencing_db=nctc-atorbefore-1940
candidate job filter_samples
	wildcards: database=nctc
candidate job download_sequences
	wildcards: database=nctc, sequencing_db=nctc_nctc_nctc_nctc_nctc_nctc_nctc_nctc_nctc.tsv-assembly-accessions-assembly-accessions-assembly-accessions-assembly-accessions-assembly-accessions-assembly-accessions-assembly-accessions-assembly-accessions
candidate job get_seq_accession_numbers
	wildcards: database=nctc, sequencing_db=nctc_nctc_nctc_nctc_nctc_nctc_nctc_nctc_nctc.tsv-assembly-accessions-assembly-accessions-assembly-accessions-assembly-accessions-assembly-accessions-assembly-accessions-assembly-accessions-assembly-accessions
candidate job download_sequences
	wildcards: database=nctc, sequencing_db=nctc-atorbefore-1940
candidate job filter_samples
	wildcards: database=nctc
candidate job download_sequences
	wildcards: database=nctc, sequencing_db=nctc_nctc_nctc_nctc_nctc_nctc_nctc_nctc_nctc_nctc.tsv-assembly-accessions-assembly-accessions-assembly-accessions-assembly-accessions-assembly-accessions-assembly-accessions-assembly-accessions-assembly-accessions-assembly-accessions
candidate job get_seq_accession_numbers
	wildcards: database=nctc, sequencing_db=nctc_nctc_nctc_nctc_nctc_nctc_nctc_nctc_nctc_nctc.tsv-assembly-accessions-assembly-accessions-assembly-accessions-assembly-accessions-assembly-accessions-assembly-accessions-assembly-accessions-assembly-accessions-assembly-accessions
candidate job download_sequences
	wildcards: database=nctc, sequencing_db=nctc-atorbefore-1940
candidate job filter_samples
	wildcards: database=nctc
candidate job download_sequences
	wildcards: database=nctc, sequencing_db=nctc_nctc_nctc_nctc_nctc_nctc_nctc_nctc_nctc_nctc_nctc.tsv-assembly-accessions-assembly-accessions-assembly-accessions-assembly-accessions-assembly-accessions-assembly-accessions-assembly-accessions-assembly-accessions-assembly-accessions-assembly-accessions
candidate job get_seq_accession_numbers
	wildcards: database=nctc, sequencing_db=nctc_nctc_nctc_nctc_nctc_nctc_nctc_nctc_nctc_nctc_nctc.tsv-assembly-accessions-assembly-accessions-assembly-accessions-assembly-accessions-assembly-accessions-assembly-accessions-assembly-accessions-assembly-accessions-assembly-accessions-assembly-accessions
candidate job download_sequences
	wildcards: database=nctc, sequencing_db=nctc-atorbefore-1940
candidate job filter_samples
	wildcards: database=nctc
candidate job download_sequences
	wildcards: database=nctc, sequencing_db=nctc_nctc_nctc_nctc_nctc_nctc_nctc_nctc_nctc_nctc_nctc_nctc.tsv-assembly-accessions-assembly-accessions-assembly-accessions-assembly-accessions-assembly-accessions-assembly-accessions-assembly-accessions-assembly-accessions-assembly-accessions-assembly-accessions-assembly-accessions
candidate job get_seq_accession_numbers
	wildcards: database=nctc, sequencing_db=nctc_nctc_nctc_nctc_nctc_nctc_nctc_nctc_nctc_nctc_nctc_nctc.tsv-assembly-accessions-assembly-accessions-assembly-accessions-assembly-accessions-assembly-accessions-assembly-accessions-assembly-accessions-assembly-accessions-assembly-accessions-assembly-accessions-assembly-accessions
candidate job download_sequences
	wildcards: database=nctc, sequencing_db=nctc-atorbefore-1940
candidate job filter_samples
	wildcards: database=nctc
candidate job download_sequences
	wildcards: database=nctc, sequencing_db=nctc_nctc_nctc_nctc_nctc_nctc_nctc_nctc_nctc_nctc_nctc_nctc_nctc.tsv-assembly-accessions-assembly-accessions-assembly-accessions-assembly-accessions-assembly-accessions-assembly-accessions-assembly-accessions-assembly-accessions-assembly-accessions-assembly-accessions-assembly-accessions-assembly-accessions
candidate job get_seq_accession_numbers
	wildcards: database=nctc, sequencing_db=nctc_nctc_nctc_nctc_nctc_nctc_nctc_nctc_nctc_nctc_nctc_nctc_nctc.tsv-assembly-accessions-assembly-accessions-assembly-accessions-assembly-accessions-assembly-accessions-assembly-accessions-assembly-accessions-assembly-accessions-assembly-accessions-assembly-accessions-assembly-accessions-assembly-accessions
candidate job download_sequences
	wildcards: database=nctc, sequencing_db=nctc-atorbefore-1940
candidate job filter_samples
	wildcards: database=nctc
candidate job download_sequences
	wildcards: database=nctc, sequencing_db=nctc_nctc_nctc_nctc_nctc_nctc_nctc_nctc_nctc_nctc_nctc_nctc_nctc_nctc.tsv-assembly-accessions-assembly-accessions-assembly-accessions-assembly-accessions-assembly-accessions-assembly-accessions-assembly-accessions-assembly-accessions-assembly-accessions-assembly-accessions-assembly-accessions-assembly-accessions-assembly-accessions
candidate job get_seq_accession_numbers
	wildcards: database=nctc, sequencing_db=nctc_nctc_nctc_nctc_nctc_nctc_nctc_nctc_nctc_nctc_nctc_nctc_nctc_nctc.tsv-assembly-accessions-assembly-accessions-assembly-accessions-assembly-accessions-assembly-accessions-assembly-accessions-assembly-accessions-assembly-accessions-assembly-accessions-assembly-accessions-assembly-accessions-assembly-accessions-assembly-accessions
candidate job download_sequences
	wildcards: database=nctc, sequencing_db=nctc-atorbefore-1940
candidate job filter_samples
	wildcards: database=nctc
candidate job download_sequences
	wildcards: database=nctc, sequencing_db=nctc_nctc_nctc_nctc_nctc_nctc_nctc_nctc_nctc_nctc_nctc_nctc_nctc_nctc_nctc.tsv-assembly-accessions-assembly-accessions-assembly-accessions-assembly-accessions-assembly-accessions-assembly-accessions-assembly-accessions-assembly-accessions-assembly-accessions-assembly-accessions-assembly-accessions-assembly-accessions-assembly-accessions-assembly-accessions
candidate job get_seq_accession_numbers
	wildcards: database=nctc, sequencing_db=nctc_nctc_nctc_nctc_nctc_nctc_nctc_nctc_nctc_nctc_nctc_nctc_nctc_nctc_nctc.tsv-assembly-accessions-assembly-accessions-assembly-accessions-assembly-accessions-assembly-accessions-assembly-accessions-assembly-accessions-assembly-accessions-assembly-accessions-assembly-accessions-assembly-accessions-assembly-accessions-assembly-accessions-assembly-accessions
candidate job download_sequences
	wildcards: database=nctc, sequencing_db=nctc-atorbefore-1940
candidate job filter_samples
	wildcards: database=nctc
candidate job download_sequences
	wildcards: database=nctc, sequencing_db=nctc_nctc_nctc_nctc_nctc_nctc_nctc_nctc_nctc_nctc_nctc_nctc_nctc_nctc_nctc_nctc.tsv-assembly-accessions-assembly-accessions-assembly-accessions-assembly-accessions-assembly-accessions-assembly-accessions-assembly-accessions-assembly-accessions-assembly-accessions-assembly-accessions-assembly-accessions-assembly-accessions-assembly-accessions-assembly-accessions-assembly-accessions
candidate job get_seq_accession_numbers
	wildcards: database=nctc, sequencing_db=nctc_nctc_nctc_nctc_nctc_nctc_nctc_nctc_nctc_nctc_nctc_nctc_nctc_nctc_nctc_nctc.tsv-assembly-accessions-assembly-accessions-assembly-accessions-assembly-accessions-assembly-accessions-assembly-accessions-assembly-accessions-assembly-accessions-assembly-accessions-assembly-accessions-assembly-accessions-assembly-accessions-assembly-accessions-assembly-accessions-assembly-accessions
candidate job download_sequences
	wildcards: database=nctc, sequencing_db=nctc-atorbefore-1940
candidate job filter_samples
	wildcards: database=nctc
candidate job download_sequences
	wildcards: database=nctc, sequencing_db=nctc_nctc_nctc_nctc_nctc_nctc_nctc_nctc_nctc_nctc_nctc_nctc_nctc_nctc_nctc_nctc_nctc.tsv-assembly-accessions-assembly-accessions-assembly-accessions-assembly-accessions-assembly-accessions-assembly-accessions-assembly-accessions-assembly-accessions-assembly-accessions-assembly-accessions-assembly-accessions-assembly-accessions-assembly-accessions-assembly-accessions-assembly-accessions-assembly-accessions
candidate job get_seq_accession_numbers
	wildcards: database=nctc, sequencing_db=nctc_nctc_nctc_nctc_nctc_nctc_nctc_nctc_nctc_nctc_nctc_nctc_nctc_nctc_nctc_nctc_nctc.tsv-assembly-accessions-assembly-accessions-assembly-accessions-assembly-accessions-assembly-accessions-assembly-accessions-assembly-accessions-assembly-accessions-assembly-accessions-assembly-accessions-assembly-accessions-assembly-accessions-assembly-accessions-assembly-accessions-assembly-accessions-assembly-accessions
candidate job download_sequences
	wildcards: database=nctc, sequencing_db=nctc-atorbefore-1940
candidate job filter_samples
	wildcards: database=nctc
candidate job download_sequences
	wildcards: database=nctc, sequencing_db=nctc_nctc_nctc_nctc_nctc_nctc_nctc_nctc_nctc_nctc_nctc_nctc_nctc_nctc_nctc_nctc_nctc_nctc.tsv-assembly-accessions-assembly-accessions-assembly-accessions-assembly-accessions-assembly-accessions-assembly-accessions-assembly-accessions-assembly-accessions-assembly-accessions-assembly-accessions-assembly-accessions-assembly-accessions-assembly-accessions-assembly-accessions-assembly-accessions-assembly-accessions-assembly-accessions
candidate job get_seq_accession_numbers
	wildcards: database=nctc, sequencing_db=nctc_nctc_nctc_nctc_nctc_nctc_nctc_nctc_nctc_nctc_nctc_nctc_nctc_nctc_nctc_nctc_nctc_nctc.tsv-assembly-accessions-assembly-accessions-assembly-accessions-assembly-accessions-assembly-accessions-assembly-accessions-assembly-accessions-assembly-accessions-assembly-accessions-assembly-accessions-assembly-accessions-assembly-accessions-assembly-accessions-assembly-accessions-assembly-accessions-assembly-accessions-assembly-accessions
candidate job download_sequences
	wildcards: database=nctc, sequencing_db=nctc-atorbefore-1940
candidate job filter_samples
	wildcards: database=nctc
candidate job download_sequences
	wildcards: database=nctc, sequencing_db=nctc_nctc_nctc_nctc_nctc_nctc_nctc_nctc_nctc_nctc_nctc_nctc_nctc_nctc_nctc_nctc_nctc_nctc_nctc.tsv-assembly-accessions-assembly-accessions-assembly-accessions-assembly-accessions-assembly-accessions-assembly-accessions-assembly-accessions-assembly-accessions-assembly-accessions-assembly-accessions-assembly-accessions-assembly-accessions-assembly-accessions-assembly-accessions-assembly-accessions-assembly-accessions-assembly-accessions-assembly-accessions
candidate job get_seq_accession_numbers
	wildcards: database=nctc, sequencing_db=nctc_nctc_nctc_nctc_nctc_nctc_nctc_nctc_nctc_nctc_nctc_nctc_nctc_nctc_nctc_nctc_nctc_nctc_nctc.tsv-assembly-accessions-assembly-accessions-assembly-accessions-assembly-accessions-assembly-accessions-assembly-accessions-assembly-accessions-assembly-accessions-assembly-accessions-assembly-accessions-assembly-accessions-assembly-accessions-assembly-accessions-assembly-accessions-assembly-accessions-assembly-accessions-assembly-accessions-assembly-accessions
candidate job download_sequences
	wildcards: database=nctc, sequencing_db=nctc-atorbefore-1940
candidate job filter_samples
	wildcards: database=nctc
candidate job download_sequences
	wildcards: database=nctc, sequencing_db=nctc_nctc_nctc_nctc_nctc_nctc_nctc_nctc_nctc_nctc_nctc_nctc_nctc_nctc_nctc_nctc_nctc_nctc_nctc_nctc.tsv-assembly-accessions-assembly-accessions-assembly-accessions-assembly-accessions-assembly-accessions-assembly-accessions-assembly-accessions-assembly-accessions-assembly-accessions-assembly-accessions-assembly-accessions-assembly-accessions-assembly-accessions-assembly-accessions-assembly-accessions-assembly-accessions-assembly-accessions-assembly-accessions-assembly-accessions
candidate job get_seq_accession_numbers
	wildcards: database=nctc, sequencing_db=nctc_nctc_nctc_nctc_nctc_nctc_nctc_nctc_nctc_nctc_nctc_nctc_nctc_nctc_nctc_nctc_nctc_nctc_nctc_nctc.tsv-assembly-accessions-assembly-accessions-assembly-accessions-assembly-accessions-assembly-accessions-assembly-accessions-assembly-accessions-assembly-accessions-assembly-accessions-assembly-accessions-assembly-accessions-assembly-accessions-assembly-accessions-assembly-accessions-assembly-accessions-assembly-accessions-assembly-accessions-assembly-accessions-assembly-accessions
candidate job download_sequences
	wildcards: database=nctc, sequencing_db=nctc-atorbefore-1940
candidate job filter_samples
	wildcards: database=nctc
candidate job download_sequences
	wildcards: database=nctc, sequencing_db=nctc_nctc_nctc_nctc_nctc_nctc_nctc_nctc_nctc_nctc_nctc_nctc_nctc_nctc_nctc_nctc_nctc_nctc_nctc_nctc_nctc.tsv-assembly-accessions-assembly-accessions-assembly-accessions-assembly-accessions-assembly-accessions-assembly-accessions-assembly-accessions-assembly-accessions-assembly-accessions-assembly-accessions-assembly-accessions-assembly-accessions-assembly-accessions-assembly-accessions-assembly-accessions-assembly-accessions-assembly-accessions-assembly-accessions-assembly-accessions-assembly-accessions
selected job generate_db
	wildcards: database=nctc
candidate job download_sequences
	wildcards: database=nctc, sequencing_db=nctc_dates
candidate job get_seq_accession_numbers
	wildcards: database=nctc, sequencing_db=nctc_dates
candidate job download_sequences
	wildcards: database=nctc, sequencing_db=nctc-atorbefore-1940
candidate job filter_samples
	wildcards: database=nctc
candidate job download_sequences
	wildcards: database=nctc, sequencing_db=nctc_nctc_dates-assembly-accessions
candidate job get_seq_accession_numbers
	wildcards: database=nctc, sequencing_db=nctc_nctc_dates-assembly-accessions
candidate job download_sequences
	wildcards: database=nctc, sequencing_db=nctc-atorbefore-1940
candidate job filter_samples
	wildcards: database=nctc
candidate job download_sequences
	wildcards: database=nctc, sequencing_db=nctc_nctc_nctc_dates-assembly-accessions-assembly-accessions
candidate job get_seq_accession_numbers
	wildcards: database=nctc, sequencing_db=nctc_nctc_nctc_dates-assembly-accessions-assembly-accessions
candidate job download_sequences
	wildcards: database=nctc, sequencing_db=nctc-atorbefore-1940
candidate job filter_samples
	wildcards: database=nctc
candidate job download_sequences
	wildcards: database=nctc, sequencing_db=nctc_nctc_nctc_nctc_dates-assembly-accessions-assembly-accessions-assembly-accessions
candidate job get_seq_accession_numbers
	wildcards: database=nctc, sequencing_db=nctc_nctc_nctc_nctc_dates-assembly-accessions-assembly-accessions-assembly-accessions
candidate job download_sequences
	wildcards: database=nctc, sequencing_db=nctc-atorbefore-1940
candidate job filter_samples
	wildcards: database=nctc
candidate job download_sequences
	wildcards: database=nctc, sequencing_db=nctc_nctc_nctc_nctc_nctc_dates-assembly-accessions-assembly-accessions-assembly-accessions-assembly-accessions
candidate job get_seq_accession_numbers
	wildcards: database=nctc, sequencing_db=nctc_nctc_nctc_nctc_nctc_dates-assembly-accessions-assembly-accessions-assembly-accessions-assembly-accessions
candidate job download_sequences
	wildcards: database=nctc, sequencing_db=nctc-atorbefore-1940
candidate job filter_samples
	wildcards: database=nctc
candidate job download_sequences
	wildcards: database=nctc, sequencing_db=nctc_nctc_nctc_nctc_nctc_nctc_dates-assembly-accessions-assembly-accessions-assembly-accessions-assembly-accessions-assembly-accessions
candidate job get_seq_accession_numbers
	wildcards: database=nctc, sequencing_db=nctc_nctc_nctc_nctc_nctc_nctc_dates-assembly-accessions-assembly-accessions-assembly-accessions-assembly-accessions-assembly-accessions
candidate job download_sequences
	wildcards: database=nctc, sequencing_db=nctc-atorbefore-1940
candidate job filter_samples
	wildcards: database=nctc
candidate job download_sequences
	wildcards: database=nctc, sequencing_db=nctc_nctc_nctc_nctc_nctc_nctc_nctc_dates-assembly-accessions-assembly-accessions-assembly-accessions-assembly-accessions-assembly-accessions-assembly-accessions
candidate job get_seq_accession_numbers
	wildcards: database=nctc, sequencing_db=nctc_nctc_nctc_nctc_nctc_nctc_nctc_dates-assembly-accessions-assembly-accessions-assembly-accessions-assembly-accessions-assembly-accessions-assembly-accessions
candidate job download_sequences
	wildcards: database=nctc, sequencing_db=nctc-atorbefore-1940
candidate job filter_samples
	wildcards: database=nctc
candidate job download_sequences
	wildcards: database=nctc, sequencing_db=nctc_nctc_nctc_nctc_nctc_nctc_nctc_nctc_dates-assembly-accessions-assembly-accessions-assembly-accessions-assembly-accessions-assembly-accessions-assembly-accessions-assembly-accessions
candidate job get_seq_accession_numbers
	wildcards: database=nctc, sequencing_db=nctc_nctc_nctc_nctc_nctc_nctc_nctc_nctc_dates-assembly-accessions-assembly-accessions-assembly-accessions-assembly-accessions-assembly-accessions-assembly-accessions-assembly-accessions
candidate job download_sequences
	wildcards: database=nctc, sequencing_db=nctc-atorbefore-1940
candidate job filter_samples
	wildcards: database=nctc
candidate job download_sequences
	wildcards: database=nctc, sequencing_db=nctc_nctc_nctc_nctc_nctc_nctc_nctc_nctc_nctc_dates-assembly-accessions-assembly-accessions-assembly-accessions-assembly-accessions-assembly-accessions-assembly-accessions-assembly-accessions-assembly-accessions
candidate job get_seq_accession_numbers
	wildcards: database=nctc, sequencing_db=nctc_nctc_nctc_nctc_nctc_nctc_nctc_nctc_nctc_dates-assembly-accessions-assembly-accessions-assembly-accessions-assembly-accessions-assembly-accessions-assembly-accessions-assembly-accessions-assembly-accessions
candidate job download_sequences
	wildcards: database=nctc, sequencing_db=nctc-atorbefore-1940
candidate job filter_samples
	wildcards: database=nctc
candidate job download_sequences
	wildcards: database=nctc, sequencing_db=nctc_nctc_nctc_nctc_nctc_nctc_nctc_nctc_nctc_nctc_dates-assembly-accessions-assembly-accessions-assembly-accessions-assembly-accessions-assembly-accessions-assembly-accessions-assembly-accessions-assembly-accessions-assembly-accessions
candidate job get_seq_accession_numbers
	wildcards: database=nctc, sequencing_db=nctc_nctc_nctc_nctc_nctc_nctc_nctc_nctc_nctc_nctc_dates-assembly-accessions-assembly-accessions-assembly-accessions-assembly-accessions-assembly-accessions-assembly-accessions-assembly-accessions-assembly-accessions-assembly-accessions
candidate job download_sequences
	wildcards: database=nctc, sequencing_db=nctc-atorbefore-1940
candidate job filter_samples
	wildcards: database=nctc
candidate job download_sequences
	wildcards: database=nctc, sequencing_db=nctc_nctc_nctc_nctc_nctc_nctc_nctc_nctc_nctc_nctc_nctc_dates-assembly-accessions-assembly-accessions-assembly-accessions-assembly-accessions-assembly-accessions-assembly-accessions-assembly-accessions-assembly-accessions-assembly-accessions-assembly-accessions
candidate job get_seq_accession_numbers
	wildcards: database=nctc, sequencing_db=nctc_nctc_nctc_nctc_nctc_nctc_nctc_nctc_nctc_nctc_nctc_dates-assembly-accessions-assembly-accessions-assembly-accessions-assembly-accessions-assembly-accessions-assembly-accessions-assembly-accessions-assembly-accessions-assembly-accessions-assembly-accessions
candidate job download_sequences
	wildcards: database=nctc, sequencing_db=nctc-atorbefore-1940
candidate job filter_samples
	wildcards: database=nctc
candidate job download_sequences
	wildcards: database=nctc, sequencing_db=nctc_nctc_nctc_nctc_nctc_nctc_nctc_nctc_nctc_nctc_nctc_nctc_dates-assembly-accessions-assembly-accessions-assembly-accessions-assembly-accessions-assembly-accessions-assembly-accessions-assembly-accessions-assembly-accessions-assembly-accessions-assembly-accessions-assembly-accessions
candidate job get_seq_accession_numbers
	wildcards: database=nctc, sequencing_db=nctc_nctc_nctc_nctc_nctc_nctc_nctc_nctc_nctc_nctc_nctc_nctc_dates-assembly-accessions-assembly-accessions-assembly-accessions-assembly-accessions-assembly-accessions-assembly-accessions-assembly-accessions-assembly-accessions-assembly-accessions-assembly-accessions-assembly-accessions
candidate job download_sequences
	wildcards: database=nctc, sequencing_db=nctc-atorbefore-1940
candidate job filter_samples
	wildcards: database=nctc
candidate job download_sequences
	wildcards: database=nctc, sequencing_db=nctc_nctc_nctc_nctc_nctc_nctc_nctc_nctc_nctc_nctc_nctc_nctc_nctc_dates-assembly-accessions-assembly-accessions-assembly-accessions-assembly-accessions-assembly-accessions-assembly-accessions-assembly-accessions-assembly-accessions-assembly-accessions-assembly-accessions-assembly-accessions-assembly-accessions
candidate job get_seq_accession_numbers
	wildcards: database=nctc, sequencing_db=nctc_nctc_nctc_nctc_nctc_nctc_nctc_nctc_nctc_nctc_nctc_nctc_nctc_dates-assembly-accessions-assembly-accessions-assembly-accessions-assembly-accessions-assembly-accessions-assembly-accessions-assembly-accessions-assembly-accessions-assembly-accessions-assembly-accessions-assembly-accessions-assembly-accessions
candidate job download_sequences
	wildcards: database=nctc, sequencing_db=nctc-atorbefore-1940
candidate job filter_samples
	wildcards: database=nctc
candidate job download_sequences
	wildcards: database=nctc, sequencing_db=nctc_nctc_nctc_nctc_nctc_nctc_nctc_nctc_nctc_nctc_nctc_nctc_nctc_nctc_dates-assembly-accessions-assembly-accessions-assembly-accessions-assembly-accessions-assembly-accessions-assembly-accessions-assembly-accessions-assembly-accessions-assembly-accessions-assembly-accessions-assembly-accessions-assembly-accessions-assembly-accessions
candidate job get_seq_accession_numbers
	wildcards: database=nctc, sequencing_db=nctc_nctc_nctc_nctc_nctc_nctc_nctc_nctc_nctc_nctc_nctc_nctc_nctc_nctc_dates-assembly-accessions-assembly-accessions-assembly-accessions-assembly-accessions-assembly-accessions-assembly-accessions-assembly-accessions-assembly-accessions-assembly-accessions-assembly-accessions-assembly-accessions-assembly-accessions-assembly-accessions
candidate job download_sequences
	wildcards: database=nctc, sequencing_db=nctc-atorbefore-1940
candidate job filter_samples
	wildcards: database=nctc
candidate job download_sequences
	wildcards: database=nctc, sequencing_db=nctc_nctc_nctc_nctc_nctc_nctc_nctc_nctc_nctc_nctc_nctc_nctc_nctc_nctc_nctc_dates-assembly-accessions-assembly-accessions-assembly-accessions-assembly-accessions-assembly-accessions-assembly-accessions-assembly-accessions-assembly-accessions-assembly-accessions-assembly-accessions-assembly-accessions-assembly-accessions-assembly-accessions-assembly-accessions
candidate job get_seq_accession_numbers
	wildcards: database=nctc, sequencing_db=nctc_nctc_nctc_nctc_nctc_nctc_nctc_nctc_nctc_nctc_nctc_nctc_nctc_nctc_nctc_dates-assembly-accessions-assembly-accessions-assembly-accessions-assembly-accessions-assembly-accessions-assembly-accessions-assembly-accessions-assembly-accessions-assembly-accessions-assembly-accessions-assembly-accessions-assembly-accessions-assembly-accessions-assembly-accessions
candidate job download_sequences
	wildcards: database=nctc, sequencing_db=nctc-atorbefore-1940
candidate job filter_samples
	wildcards: database=nctc
candidate job download_sequences
	wildcards: database=nctc, sequencing_db=nctc_nctc_nctc_nctc_nctc_nctc_nctc_nctc_nctc_nctc_nctc_nctc_nctc_nctc_nctc_nctc_dates-assembly-accessions-assembly-accessions-assembly-accessions-assembly-accessions-assembly-accessions-assembly-accessions-assembly-accessions-assembly-accessions-assembly-accessions-assembly-accessions-assembly-accessions-assembly-accessions-assembly-accessions-assembly-accessions-assembly-accessions
candidate job get_seq_accession_numbers
	wildcards: database=nctc, sequencing_db=nctc_nctc_nctc_nctc_nctc_nctc_nctc_nctc_nctc_nctc_nctc_nctc_nctc_nctc_nctc_nctc_dates-assembly-accessions-assembly-accessions-assembly-accessions-assembly-accessions-assembly-accessions-assembly-accessions-assembly-accessions-assembly-accessions-assembly-accessions-assembly-accessions-assembly-accessions-assembly-accessions-assembly-accessions-assembly-accessions-assembly-accessions
candidate job download_sequences
	wildcards: database=nctc, sequencing_db=nctc-atorbefore-1940
candidate job filter_samples
	wildcards: database=nctc
candidate job download_sequences
	wildcards: database=nctc, sequencing_db=nctc_nctc_nctc_nctc_nctc_nctc_nctc_nctc_nctc_nctc_nctc_nctc_nctc_nctc_nctc_nctc_nctc_dates-assembly-accessions-assembly-accessions-assembly-accessions-assembly-accessions-assembly-accessions-assembly-accessions-assembly-accessions-assembly-accessions-assembly-accessions-assembly-accessions-assembly-accessions-assembly-accessions-assembly-accessions-assembly-accessions-assembly-accessions-assembly-accessions
candidate job get_seq_accession_numbers
	wildcards: database=nctc, sequencing_db=nctc_nctc_nctc_nctc_nctc_nctc_nctc_nctc_nctc_nctc_nctc_nctc_nctc_nctc_nctc_nctc_nctc_dates-assembly-accessions-assembly-accessions-assembly-accessions-assembly-accessions-assembly-accessions-assembly-accessions-assembly-accessions-assembly-accessions-assembly-accessions-assembly-accessions-assembly-accessions-assembly-accessions-assembly-accessions-assembly-accessions-assembly-accessions-assembly-accessions
candidate job download_sequences
	wildcards: database=nctc, sequencing_db=nctc-atorbefore-1940
candidate job filter_samples
	wildcards: database=nctc
candidate job download_sequences
	wildcards: database=nctc, sequencing_db=nctc_nctc_nctc_nctc_nctc_nctc_nctc_nctc_nctc_nctc_nctc_nctc_nctc_nctc_nctc_nctc_nctc_nctc_dates-assembly-accessions-assembly-accessions-assembly-accessions-assembly-accessions-assembly-accessions-assembly-accessions-assembly-accessions-assembly-accessions-assembly-accessions-assembly-accessions-assembly-accessions-assembly-accessions-assembly-accessions-assembly-accessions-assembly-accessions-assembly-accessions-assembly-accessions
candidate job get_seq_accession_numbers
	wildcards: database=nctc, sequencing_db=nctc_nctc_nctc_nctc_nctc_nctc_nctc_nctc_nctc_nctc_nctc_nctc_nctc_nctc_nctc_nctc_nctc_nctc_dates-assembly-accessions-assembly-accessions-assembly-accessions-assembly-accessions-assembly-accessions-assembly-accessions-assembly-accessions-assembly-accessions-assembly-accessions-assembly-accessions-assembly-accessions-assembly-accessions-assembly-accessions-assembly-accessions-assembly-accessions-assembly-accessions-assembly-accessions
candidate job download_sequences
	wildcards: database=nctc, sequencing_db=nctc-atorbefore-1940
candidate job filter_samples
	wildcards: database=nctc
candidate job download_sequences
	wildcards: database=nctc, sequencing_db=nctc_nctc_nctc_nctc_nctc_nctc_nctc_nctc_nctc_nctc_nctc_nctc_nctc_nctc_nctc_nctc_nctc_nctc_nctc_dates-assembly-accessions-assembly-accessions-assembly-accessions-assembly-accessions-assembly-accessions-assembly-accessions-assembly-accessions-assembly-accessions-assembly-accessions-assembly-accessions-assembly-accessions-assembly-accessions-assembly-accessions-assembly-accessions-assembly-accessions-assembly-accessions-assembly-accessions-assembly-accessions
candidate job get_seq_accession_numbers
	wildcards: database=nctc, sequencing_db=nctc_nctc_nctc_nctc_nctc_nctc_nctc_nctc_nctc_nctc_nctc_nctc_nctc_nctc_nctc_nctc_nctc_nctc_nctc_dates-assembly-accessions-assembly-accessions-assembly-accessions-assembly-accessions-assembly-accessions-assembly-accessions-assembly-accessions-assembly-accessions-assembly-accessions-assembly-accessions-assembly-accessions-assembly-accessions-assembly-accessions-assembly-accessions-assembly-accessions-assembly-accessions-assembly-accessions-assembly-accessions
candidate job download_sequences
	wildcards: database=nctc, sequencing_db=nctc-atorbefore-1940
candidate job filter_samples
	wildcards: database=nctc
candidate job download_sequences
	wildcards: database=nctc, sequencing_db=nctc_nctc_nctc_nctc_nctc_nctc_nctc_nctc_nctc_nctc_nctc_nctc_nctc_nctc_nctc_nctc_nctc_nctc_nctc_nctc_dates-assembly-accessions-assembly-accessions-assembly-accessions-assembly-accessions-assembly-accessions-assembly-accessions-assembly-accessions-assembly-accessions-assembly-accessions-assembly-accessions-assembly-accessions-assembly-accessions-assembly-accessions-assembly-accessions-assembly-accessions-assembly-accessions-assembly-accessions-assembly-accessions-assembly-accessions
candidate job get_seq_accession_numbers
	wildcards: database=nctc, sequencing_db=nctc_nctc_nctc_nctc_nctc_nctc_nctc_nctc_nctc_nctc_nctc_nctc_nctc_nctc_nctc_nctc_nctc_nctc_nctc_nctc_dates-assembly-accessions-assembly-accessions-assembly-accessions-assembly-accessions-assembly-accessions-assembly-accessions-assembly-accessions-assembly-accessions-assembly-accessions-assembly-accessions-assembly-accessions-assembly-accessions-assembly-accessions-assembly-accessions-assembly-accessions-assembly-accessions-assembly-accessions-assembly-accessions-assembly-accessions
candidate job download_sequences
	wildcards: database=nctc, sequencing_db=nctc-atorbefore-1940
candidate job filter_samples
	wildcards: database=nctc
candidate job download_sequences
	wildcards: database=nctc, sequencing_db=nctc_nctc_nctc_nctc_nctc_nctc_nctc_nctc_nctc_nctc_nctc_nctc_nctc_nctc_nctc_nctc_nctc_nctc_nctc_nctc_nctc_dates-assembly-accessions-assembly-accessions-assembly-accessions-assembly-accessions-assembly-accessions-assembly-accessions-assembly-accessions-assembly-accessions-assembly-accessions-assembly-accessions-assembly-accessions-assembly-accessions-assembly-accessions-assembly-accessions-assembly-accessions-assembly-accessions-assembly-accessions-assembly-accessions-assembly-accessions-assembly-accessions
selected job generate_dates
	wildcards: database=nctc
selected job filter_samples
	wildcards: database=nctc
candidate job download_sequences
	wildcards: database=nctc, sequencing_db=nctc_nctc-atorbefore-1940-assembly-accessions
candidate job get_seq_accession_numbers
	wildcards: database=nctc, sequencing_db=nctc_nctc-atorbefore-1940-assembly-accessions
candidate job download_sequences
	wildcards: database=nctc, sequencing_db=nctc-atorbefore-1940
candidate job filter_samples
	wildcards: database=nctc
selected job filter_samples
	wildcards: database=nctc
candidate job download_sequences
	wildcards: database=nctc, sequencing_db=nctc_nctc_nctc-atorbefore-1940-assembly-accessions-assembly-accessions
candidate job get_seq_accession_numbers
	wildcards: database=nctc, sequencing_db=nctc_nctc_nctc-atorbefore-1940-assembly-accessions-assembly-accessions
candidate job download_sequences
	wildcards: database=nctc, sequencing_db=nctc-atorbefore-1940
candidate job filter_samples
	wildcards: database=nctc
selected job filter_samples
	wildcards: database=nctc
candidate job download_sequences
	wildcards: database=nctc, sequencing_db=nctc_nctc_nctc_nctc-atorbefore-1940-assembly-accessions-assembly-accessions-assembly-accessions
candidate job get_seq_accession_numbers
	wildcards: database=nctc, sequencing_db=nctc_nctc_nctc_nctc-atorbefore-1940-assembly-accessions-assembly-accessions-assembly-accessions
candidate job download_sequences
	wildcards: database=nctc, sequencing_db=nctc-atorbefore-1940
candidate job filter_samples
	wildcards: database=nctc
selected job filter_samples
	wildcards: database=nctc
candidate job download_sequences
	wildcards: database=nctc, sequencing_db=nctc_nctc_nctc_nctc_nctc-atorbefore-1940-assembly-accessions-assembly-accessions-assembly-accessions-assembly-accessions
candidate job get_seq_accession_numbers
	wildcards: database=nctc, sequencing_db=nctc_nctc_nctc_nctc_nctc-atorbefore-1940-assembly-accessions-assembly-accessions-assembly-accessions-assembly-accessions
candidate job download_sequences
	wildcards: database=nctc, sequencing_db=nctc-atorbefore-1940
candidate job filter_samples
	wildcards: database=nctc
selected job filter_samples
	wildcards: database=nctc
candidate job download_sequences
	wildcards: database=nctc, sequencing_db=nctc_nctc_nctc_nctc_nctc_nctc-atorbefore-1940-assembly-accessions-assembly-accessions-assembly-accessions-assembly-accessions-assembly-accessions
candidate job get_seq_accession_numbers
	wildcards: database=nctc, sequencing_db=nctc_nctc_nctc_nctc_nctc_nctc-atorbefore-1940-assembly-accessions-assembly-accessions-assembly-accessions-assembly-accessions-assembly-accessions
candidate job download_sequences
	wildcards: database=nctc, sequencing_db=nctc-atorbefore-1940
candidate job filter_samples
	wildcards: database=nctc
selected job filter_samples
	wildcards: database=nctc
candidate job download_sequences
	wildcards: database=nctc, sequencing_db=nctc_nctc_nctc_nctc_nctc_nctc_nctc-atorbefore-1940-assembly-accessions-assembly-accessions-assembly-accessions-assembly-accessions-assembly-accessions-assembly-accessions
candidate job get_seq_accession_numbers
	wildcards: database=nctc, sequencing_db=nctc_nctc_nctc_nctc_nctc_nctc_nctc-atorbefore-1940-assembly-accessions-assembly-accessions-assembly-accessions-assembly-accessions-assembly-accessions-assembly-accessions
candidate job download_sequences
	wildcards: database=nctc, sequencing_db=nctc-atorbefore-1940
candidate job filter_samples
	wildcards: database=nctc
selected job filter_samples
	wildcards: database=nctc
candidate job download_sequences
	wildcards: database=nctc, sequencing_db=nctc_nctc_nctc_nctc_nctc_nctc_nctc_nctc-atorbefore-1940-assembly-accessions-assembly-accessions-assembly-accessions-assembly-accessions-assembly-accessions-assembly-accessions-assembly-accessions
candidate job get_seq_accession_numbers
	wildcards: database=nctc, sequencing_db=nctc_nctc_nctc_nctc_nctc_nctc_nctc_nctc-atorbefore-1940-assembly-accessions-assembly-accessions-assembly-accessions-assembly-accessions-assembly-accessions-assembly-accessions-assembly-accessions
candidate job download_sequences
	wildcards: database=nctc, sequencing_db=nctc-atorbefore-1940
candidate job filter_samples
	wildcards: database=nctc
selected job filter_samples
	wildcards: database=nctc
candidate job download_sequences
	wildcards: database=nctc, sequencing_db=nctc_nctc_nctc_nctc_nctc_nctc_nctc_nctc_nctc-atorbefore-1940-assembly-accessions-assembly-accessions-assembly-accessions-assembly-accessions-assembly-accessions-assembly-accessions-assembly-accessions-assembly-accessions
candidate job get_seq_accession_numbers
	wildcards: database=nctc, sequencing_db=nctc_nctc_nctc_nctc_nctc_nctc_nctc_nctc_nctc-atorbefore-1940-assembly-accessions-assembly-accessions-assembly-accessions-assembly-accessions-assembly-accessions-assembly-accessions-assembly-accessions-assembly-accessions
candidate job download_sequences
	wildcards: database=nctc, sequencing_db=nctc-atorbefore-1940
candidate job filter_samples
	wildcards: database=nctc
selected job filter_samples
	wildcards: database=nctc
candidate job download_sequences
	wildcards: database=nctc, sequencing_db=nctc_nctc_nctc_nctc_nctc_nctc_nctc_nctc_nctc_nctc-atorbefore-1940-assembly-accessions-assembly-accessions-assembly-accessions-assembly-accessions-assembly-accessions-assembly-accessions-assembly-accessions-assembly-accessions-assembly-accessions
candidate job get_seq_accession_numbers
	wildcards: database=nctc, sequencing_db=nctc_nctc_nctc_nctc_nctc_nctc_nctc_nctc_nctc_nctc-atorbefore-1940-assembly-accessions-assembly-accessions-assembly-accessions-assembly-accessions-assembly-accessions-assembly-accessions-assembly-accessions-assembly-accessions-assembly-accessions
candidate job download_sequences
	wildcards: database=nctc, sequencing_db=nctc-atorbefore-1940
candidate job filter_samples
	wildcards: database=nctc
selected job filter_samples
	wildcards: database=nctc
candidate job download_sequences
	wildcards: database=nctc, sequencing_db=nctc_nctc_nctc_nctc_nctc_nctc_nctc_nctc_nctc_nctc_nctc-atorbefore-1940-assembly-accessions-assembly-accessions-assembly-accessions-assembly-accessions-assembly-accessions-assembly-accessions-assembly-accessions-assembly-accessions-assembly-accessions-assembly-accessions
candidate job get_seq_accession_numbers
	wildcards: database=nctc, sequencing_db=nctc_nctc_nctc_nctc_nctc_nctc_nctc_nctc_nctc_nctc_nctc-atorbefore-1940-assembly-accessions-assembly-accessions-assembly-accessions-assembly-accessions-assembly-accessions-assembly-accessions-assembly-accessions-assembly-accessions-assembly-accessions-assembly-accessions
candidate job download_sequences
	wildcards: database=nctc, sequencing_db=nctc-atorbefore-1940
candidate job filter_samples
	wildcards: database=nctc
selected job filter_samples
	wildcards: database=nctc
candidate job download_sequences
	wildcards: database=nctc, sequencing_db=nctc_nctc_nctc_nctc_nctc_nctc_nctc_nctc_nctc_nctc_nctc_nctc-atorbefore-1940-assembly-accessions-assembly-accessions-assembly-accessions-assembly-accessions-assembly-accessions-assembly-accessions-assembly-accessions-assembly-accessions-assembly-accessions-assembly-accessions-assembly-accessions
candidate job get_seq_accession_numbers
	wildcards: database=nctc, sequencing_db=nctc_nctc_nctc_nctc_nctc_nctc_nctc_nctc_nctc_nctc_nctc_nctc-atorbefore-1940-assembly-accessions-assembly-accessions-assembly-accessions-assembly-accessions-assembly-accessions-assembly-accessions-assembly-accessions-assembly-accessions-assembly-accessions-assembly-accessions-assembly-accessions
candidate job download_sequences
	wildcards: database=nctc, sequencing_db=nctc-atorbefore-1940
candidate job filter_samples
	wildcards: database=nctc
selected job filter_samples
	wildcards: database=nctc
candidate job download_sequences
	wildcards: database=nctc, sequencing_db=nctc_nctc_nctc_nctc_nctc_nctc_nctc_nctc_nctc_nctc_nctc_nctc_nctc-atorbefore-1940-assembly-accessions-assembly-accessions-assembly-accessions-assembly-accessions-assembly-accessions-assembly-accessions-assembly-accessions-assembly-accessions-assembly-accessions-assembly-accessions-assembly-accessions-assembly-accessions
candidate job get_seq_accession_numbers
	wildcards: database=nctc, sequencing_db=nctc_nctc_nctc_nctc_nctc_nctc_nctc_nctc_nctc_nctc_nctc_nctc_nctc-atorbefore-1940-assembly-accessions-assembly-accessions-assembly-accessions-assembly-accessions-assembly-accessions-assembly-accessions-assembly-accessions-assembly-accessions-assembly-accessions-assembly-accessions-assembly-accessions-assembly-accessions
candidate job download_sequences
	wildcards: database=nctc, sequencing_db=nctc-atorbefore-1940
candidate job filter_samples
	wildcards: database=nctc
selected job filter_samples
	wildcards: database=nctc
candidate job download_sequences
	wildcards: database=nctc, sequencing_db=nctc_nctc_nctc_nctc_nctc_nctc_nctc_nctc_nctc_nctc_nctc_nctc_nctc_nctc-atorbefore-1940-assembly-accessions-assembly-accessions-assembly-accessions-assembly-accessions-assembly-accessions-assembly-accessions-assembly-accessions-assembly-accessions-assembly-accessions-assembly-accessions-assembly-accessions-assembly-accessions-assembly-accessions
candidate job get_seq_accession_numbers
	wildcards: database=nctc, sequencing_db=nctc_nctc_nctc_nctc_nctc_nctc_nctc_nctc_nctc_nctc_nctc_nctc_nctc_nctc-atorbefore-1940-assembly-accessions-assembly-accessions-assembly-accessions-assembly-accessions-assembly-accessions-assembly-accessions-assembly-accessions-assembly-accessions-assembly-accessions-assembly-accessions-assembly-accessions-assembly-accessions-assembly-accessions
candidate job download_sequences
	wildcards: database=nctc, sequencing_db=nctc-atorbefore-1940
candidate job filter_samples
	wildcards: database=nctc
selected job filter_samples
	wildcards: database=nctc
candidate job download_sequences
	wildcards: database=nctc, sequencing_db=nctc_nctc_nctc_nctc_nctc_nctc_nctc_nctc_nctc_nctc_nctc_nctc_nctc_nctc_nctc-atorbefore-1940-assembly-accessions-assembly-accessions-assembly-accessions-assembly-accessions-assembly-accessions-assembly-accessions-assembly-accessions-assembly-accessions-assembly-accessions-assembly-accessions-assembly-accessions-assembly-accessions-assembly-accessions-assembly-accessions
candidate job get_seq_accession_numbers
	wildcards: database=nctc, sequencing_db=nctc_nctc_nctc_nctc_nctc_nctc_nctc_nctc_nctc_nctc_nctc_nctc_nctc_nctc_nctc-atorbefore-1940-assembly-accessions-assembly-accessions-assembly-accessions-assembly-accessions-assembly-accessions-assembly-accessions-assembly-accessions-assembly-accessions-assembly-accessions-assembly-accessions-assembly-accessions-assembly-accessions-assembly-accessions-assembly-accessions
candidate job download_sequences
	wildcards: database=nctc, sequencing_db=nctc-atorbefore-1940
candidate job filter_samples
	wildcards: database=nctc
selected job filter_samples
	wildcards: database=nctc
candidate job download_sequences
	wildcards: database=nctc, sequencing_db=nctc_nctc_nctc_nctc_nctc_nctc_nctc_nctc_nctc_nctc_nctc_nctc_nctc_nctc_nctc_nctc-atorbefore-1940-assembly-accessions-assembly-accessions-assembly-accessions-assembly-accessions-assembly-accessions-assembly-accessions-assembly-accessions-assembly-accessions-assembly-accessions-assembly-accessions-assembly-accessions-assembly-accessions-assembly-accessions-assembly-accessions-assembly-accessions
candidate job get_seq_accession_numbers
	wildcards: database=nctc, sequencing_db=nctc_nctc_nctc_nctc_nctc_nctc_nctc_nctc_nctc_nctc_nctc_nctc_nctc_nctc_nctc_nctc-atorbefore-1940-assembly-accessions-assembly-accessions-assembly-accessions-assembly-accessions-assembly-accessions-assembly-accessions-assembly-accessions-assembly-accessions-assembly-accessions-assembly-accessions-assembly-accessions-assembly-accessions-assembly-accessions-assembly-accessions-assembly-accessions
candidate job download_sequences
	wildcards: database=nctc, sequencing_db=nctc-atorbefore-1940
candidate job filter_samples
	wildcards: database=nctc
selected job filter_samples
	wildcards: database=nctc
candidate job download_sequences
	wildcards: database=nctc, sequencing_db=nctc_nctc_nctc_nctc_nctc_nctc_nctc_nctc_nctc_nctc_nctc_nctc_nctc_nctc_nctc_nctc_nctc-atorbefore-1940-assembly-accessions-assembly-accessions-assembly-accessions-assembly-accessions-assembly-accessions-assembly-accessions-assembly-accessions-assembly-accessions-assembly-accessions-assembly-accessions-assembly-accessions-assembly-accessions-assembly-accessions-assembly-accessions-assembly-accessions-assembly-accessions
candidate job get_seq_accession_numbers
	wildcards: database=nctc, sequencing_db=nctc_nctc_nctc_nctc_nctc_nctc_nctc_nctc_nctc_nctc_nctc_nctc_nctc_nctc_nctc_nctc_nctc-atorbefore-1940-assembly-accessions-assembly-accessions-assembly-accessions-assembly-accessions-assembly-accessions-assembly-accessions-assembly-accessions-assembly-accessions-assembly-accessions-assembly-accessions-assembly-accessions-assembly-accessions-assembly-accessions-assembly-accessions-assembly-accessions-assembly-accessions
candidate job download_sequences
	wildcards: database=nctc, sequencing_db=nctc-atorbefore-1940
candidate job filter_samples
	wildcards: database=nctc
selected job filter_samples
	wildcards: database=nctc
candidate job download_sequences
	wildcards: database=nctc, sequencing_db=nctc_nctc_nctc_nctc_nctc_nctc_nctc_nctc_nctc_nctc_nctc_nctc_nctc_nctc_nctc_nctc_nctc_nctc-atorbefore-1940-assembly-accessions-assembly-accessions-assembly-accessions-assembly-accessions-assembly-accessions-assembly-accessions-assembly-accessions-assembly-accessions-assembly-accessions-assembly-accessions-assembly-accessions-assembly-accessions-assembly-accessions-assembly-accessions-assembly-accessions-assembly-accessions-assembly-accessions
candidate job get_seq_accession_numbers
	wildcards: database=nctc, sequencing_db=nctc_nctc_nctc_nctc_nctc_nctc_nctc_nctc_nctc_nctc_nctc_nctc_nctc_nctc_nctc_nctc_nctc_nctc-atorbefore-1940-assembly-accessions-assembly-accessions-assembly-accessions-assembly-accessions-assembly-accessions-assembly-accessions-assembly-accessions-assembly-accessions-assembly-accessions-assembly-accessions-assembly-accessions-assembly-accessions-assembly-accessions-assembly-accessions-assembly-accessions-assembly-accessions-assembly-accessions
candidate job download_sequences
	wildcards: database=nctc, sequencing_db=nctc-atorbefore-1940
candidate job filter_samples
	wildcards: database=nctc
selected job filter_samples
	wildcards: database=nctc
candidate job download_sequences
	wildcards: database=nctc, sequencing_db=nctc_nctc_nctc_nctc_nctc_nctc_nctc_nctc_nctc_nctc_nctc_nctc_nctc_nctc_nctc_nctc_nctc_nctc_nctc-atorbefore-1940-assembly-accessions-assembly-accessions-assembly-accessions-assembly-accessions-assembly-accessions-assembly-accessions-assembly-accessions-assembly-accessions-assembly-accessions-assembly-accessions-assembly-accessions-assembly-accessions-assembly-accessions-assembly-accessions-assembly-accessions-assembly-accessions-assembly-accessions-assembly-accessions
candidate job get_seq_accession_numbers
	wildcards: database=nctc, sequencing_db=nctc_nctc_nctc_nctc_nctc_nctc_nctc_nctc_nctc_nctc_nctc_nctc_nctc_nctc_nctc_nctc_nctc_nctc_nctc-atorbefore-1940-assembly-accessions-assembly-accessions-assembly-accessions-assembly-accessions-assembly-accessions-assembly-accessions-assembly-accessions-assembly-accessions-assembly-accessions-assembly-accessions-assembly-accessions-assembly-accessions-assembly-accessions-assembly-accessions-assembly-accessions-assembly-accessions-assembly-accessions-assembly-accessions
candidate job download_sequences
	wildcards: database=nctc, sequencing_db=nctc-atorbefore-1940
candidate job filter_samples
	wildcards: database=nctc
selected job filter_samples
	wildcards: database=nctc
candidate job download_sequences
	wildcards: database=nctc, sequencing_db=nctc_nctc_nctc_nctc_nctc_nctc_nctc_nctc_nctc_nctc_nctc_nctc_nctc_nctc_nctc_nctc_nctc_nctc_nctc_nctc-atorbefore-1940-assembly-accessions-assembly-accessions-assembly-accessions-assembly-accessions-assembly-accessions-assembly-accessions-assembly-accessions-assembly-accessions-assembly-accessions-assembly-accessions-assembly-accessions-assembly-accessions-assembly-accessions-assembly-accessions-assembly-accessions-assembly-accessions-assembly-accessions-assembly-accessions-assembly-accessions
candidate job get_seq_accession_numbers
	wildcards: database=nctc, sequencing_db=nctc_nctc_nctc_nctc_nctc_nctc_nctc_nctc_nctc_nctc_nctc_nctc_nctc_nctc_nctc_nctc_nctc_nctc_nctc_nctc-atorbefore-1940-assembly-accessions-assembly-accessions-assembly-accessions-assembly-accessions-assembly-accessions-assembly-accessions-assembly-accessions-assembly-accessions-assembly-accessions-assembly-accessions-assembly-accessions-assembly-accessions-assembly-accessions-assembly-accessions-assembly-accessions-assembly-accessions-assembly-accessions-assembly-accessions-assembly-accessions
candidate job download_sequences
	wildcards: database=nctc, sequencing_db=nctc-atorbefore-1940
candidate job filter_samples
	wildcards: database=nctc
selected job filter_samples
	wildcards: database=nctc
candidate job download_sequences
	wildcards: database=nctc, sequencing_db=nctc_nctc_nctc_nctc_nctc_nctc_nctc_nctc_nctc_nctc_nctc_nctc_nctc_nctc_nctc_nctc_nctc_nctc_nctc_nctc_nctc-atorbefore-1940-assembly-accessions-assembly-accessions-assembly-accessions-assembly-accessions-assembly-accessions-assembly-accessions-assembly-accessions-assembly-accessions-assembly-accessions-assembly-accessions-assembly-accessions-assembly-accessions-assembly-accessions-assembly-accessions-assembly-accessions-assembly-accessions-assembly-accessions-assembly-accessions-assembly-accessions-assembly-accessions
selected job get_seq_accession_numbers
	wildcards: database=nctc, sequencing_db=nctc_nctc_nctc_nctc_nctc_nctc_nctc_nctc_nctc_nctc_nctc_nctc_nctc_nctc_nctc_nctc_nctc_nctc_nctc_nctc-atorbefore-1940-assembly-accessions-assembly-accessions-assembly-accessions-assembly-accessions-assembly-accessions-assembly-accessions-assembly-accessions-assembly-accessions-assembly-accessions-assembly-accessions-assembly-accessions-assembly-accessions-assembly-accessions-assembly-accessions-assembly-accessions-assembly-accessions-assembly-accessions-assembly-accessions-assembly-accessions
AmbiguousRuleException:
Rules download_sequences and get_seq_accession_numbers are ambiguous for the file output/nctc/nctc_nctc_nctc_nctc_nctc_nctc_nctc_nctc_nctc_nctc_nctc_nctc_nctc_nctc_nctc_nctc_nctc_nctc_nctc_nctc-atorbefore-1940-assembly-accessions-assembly-accessions-assembly-accessions-assembly-accessions-assembly-accessions-assembly-accessions-assembly-accessions-assembly-accessions-assembly-accessions-assembly-accessions-assembly-accessions-assembly-accessions-assembly-accessions-assembly-accessions-assembly-accessions-assembly-accessions-assembly-accessions-assembly-accessions-assembly-accessions.
Consider starting rule output with a unique prefix, constrain your wildcards, or use the ruleorder directive.
Wildcards:
	download_sequences: database=nctc,sequencing_db=nctc_nctc_nctc_nctc_nctc_nctc_nctc_nctc_nctc_nctc_nctc_nctc_nctc_nctc_nctc_nctc_nctc_nctc_nctc_nctc-atorbefore-1940-assembly-accessions-assembly-accessions-assembly-accessions-assembly-accessions-assembly-accessions-assembly-accessions-assembly-accessions-assembly-accessions-assembly-accessions-assembly-accessions-assembly-accessions-assembly-accessions-assembly-accessions-assembly-accessions-assembly-accessions-assembly-accessions-assembly-accessions-assembly-accessions-assembly-accessions
	get_seq_accession_numbers: database=nctc,sequencing_db=nctc_nctc_nctc_nctc_nctc_nctc_nctc_nctc_nctc_nctc_nctc_nctc_nctc_nctc_nctc_nctc_nctc_nctc_nctc-atorbefore-1940-assembly-accessions-assembly-accessions-assembly-accessions-assembly-accessions-assembly-accessions-assembly-accessions-assembly-accessions-assembly-accessions-assembly-accessions-assembly-accessions-assembly-accessions-assembly-accessions-assembly-accessions-assembly-accessions-assembly-accessions-assembly-accessions-assembly-accessions-assembly-accessions
Expected input files:
	download_sequences: output/nctc/nctc_nctc_nctc_nctc_nctc_nctc_nctc_nctc_nctc_nctc_nctc_nctc_nctc_nctc_nctc_nctc_nctc_nctc_nctc_nctc_nctc-atorbefore-1940-assembly-accessions-assembly-accessions-assembly-accessions-assembly-accessions-assembly-accessions-assembly-accessions-assembly-accessions-assembly-accessions-assembly-accessions-assembly-accessions-assembly-accessions-assembly-accessions-assembly-accessions-assembly-accessions-assembly-accessions-assembly-accessions-assembly-accessions-assembly-accessions-assembly-accessions-assembly-accessions
	get_seq_accession_numbers: output/nctc/nctc-atorbefore-1940Expected output files:
	download_sequences: output/nctc/nctc_nctc_nctc_nctc_nctc_nctc_nctc_nctc_nctc_nctc_nctc_nctc_nctc_nctc_nctc_nctc_nctc_nctc_nctc_nctc-atorbefore-1940-assembly-accessions-assembly-accessions-assembly-accessions-assembly-accessions-assembly-accessions-assembly-accessions-assembly-accessions-assembly-accessions-assembly-accessions-assembly-accessions-assembly-accessions-assembly-accessions-assembly-accessions-assembly-accessions-assembly-accessions-assembly-accessions-assembly-accessions-assembly-accessions-assembly-accessions
	get_seq_accession_numbers: output/nctc/nctc_nctc_nctc_nctc_nctc_nctc_nctc_nctc_nctc_nctc_nctc_nctc_nctc_nctc_nctc_nctc_nctc_nctc_nctc_nctc-atorbefore-1940-assembly-accessions-assembly-accessions-assembly-accessions-assembly-accessions-assembly-accessions-assembly-accessions-assembly-accessions-assembly-accessions-assembly-accessions-assembly-accessions-assembly-accessions-assembly-accessions-assembly-accessions-assembly-accessions-assembly-accessions-assembly-accessions-assembly-accessions-assembly-accessions-assembly-accessions
